<?xml version="1.0" encoding="UTF-8"?>
<!-- Generated by org.testng.reporters.JUnitXMLReporter -->
<testsuite ignored="0" hostname="ST-PhuocVTT" failures="2" tests="9" name="Login Page" time="496.417" errors="0" timestamp="14 Nov 2022 13:40:26 GMT">
  <testcase classname="com.vne.testcase.MBApp_Login_Feature" name="Login_01_InvalidEmail" time="5.614">
    <failure type="org.openqa.selenium.NoSuchElementException" message="An element could not be located on the page using the given search parameters.
For documentation on this error, please visit: https://www.seleniumhq.org/exceptions/no_such_element.html
Build info: version: &amp;apos;3.141.59&amp;apos;, revision: &amp;apos;e82be7d358&amp;apos;, time: &amp;apos;2018-11-14T08:17:03&amp;apos;
System info: host: &amp;apos;ST-PHUOCVTT&amp;apos;, ip: &amp;apos;172.30.113.134&amp;apos;, os.name: &amp;apos;Windows 10&amp;apos;, os.arch: &amp;apos;amd64&amp;apos;, os.version: &amp;apos;10.0&amp;apos;, java.version: &amp;apos;17.0.2&amp;apos;
Driver info: io.appium.java_client.android.AndroidDriver
Capabilities {appActivity: fr.playsoft.vnexpress.Activ..., appPackage: fr.playsoft.vnexpress, databaseEnabled: false, desired: {appActivity: fr.playsoft.vnexpress.Activ..., appPackage: fr.playsoft.vnexpress, deviceName: a11, noReset: false, platformName: android, platformVersion: 11.0, skipUnlock: true, udid: emulator-5554}, deviceApiLevel: 30, deviceManufacturer: Google, deviceModel: sdk_gphone_x86, deviceName: emulator-5554, deviceScreenDensity: 440, deviceScreenSize: 1080x2160, deviceUDID: emulator-5554, javascriptEnabled: true, locationContextEnabled: false, networkConnectionEnabled: true, noReset: false, pixelRatio: 2.75, platform: LINUX, platformName: Android, platformVersion: 11, skipUnlock: true, statBarHeight: 66, takesScreenshot: true, udid: emulator-5554, viewportRect: {height: 1962, left: 0, top: 66, width: 1080}, warnings: {}, webStorageEnabled: false}
Session ID: b95a9004-343c-48f4-a8e3-8ec4f7b48629
*** Element info: {Using=id, value=fr.playsoft.vnexpress:id/close_bottom_sheet}">
      <![CDATA[org.openqa.selenium.NoSuchElementException: An element could not be located on the page using the given search parameters.
For documentation on this error, please visit: https://www.seleniumhq.org/exceptions/no_such_element.html
Build info: version: '3.141.59', revision: 'e82be7d358', time: '2018-11-14T08:17:03'
System info: host: 'ST-PHUOCVTT', ip: '172.30.113.134', os.name: 'Windows 10', os.arch: 'amd64', os.version: '10.0', java.version: '17.0.2'
Driver info: io.appium.java_client.android.AndroidDriver
Capabilities {appActivity: fr.playsoft.vnexpress.Activ..., appPackage: fr.playsoft.vnexpress, databaseEnabled: false, desired: {appActivity: fr.playsoft.vnexpress.Activ..., appPackage: fr.playsoft.vnexpress, deviceName: a11, noReset: false, platformName: android, platformVersion: 11.0, skipUnlock: true, udid: emulator-5554}, deviceApiLevel: 30, deviceManufacturer: Google, deviceModel: sdk_gphone_x86, deviceName: emulator-5554, deviceScreenDensity: 440, deviceScreenSize: 1080x2160, deviceUDID: emulator-5554, javascriptEnabled: true, locationContextEnabled: false, networkConnectionEnabled: true, noReset: false, pixelRatio: 2.75, platform: LINUX, platformName: Android, platformVersion: 11, skipUnlock: true, statBarHeight: 66, takesScreenshot: true, udid: emulator-5554, viewportRect: {height: 1962, left: 0, top: 66, width: 1080}, warnings: {}, webStorageEnabled: false}
Session ID: b95a9004-343c-48f4-a8e3-8ec4f7b48629
*** Element info: {Using=id, value=fr.playsoft.vnexpress:id/close_bottom_sheet}
at org.openqa.selenium.remote.http.W3CHttpResponseCodec.createException(W3CHttpResponseCodec.java:187)
at org.openqa.selenium.remote.http.W3CHttpResponseCodec.decode(W3CHttpResponseCodec.java:122)
at org.openqa.selenium.remote.http.W3CHttpResponseCodec.decode(W3CHttpResponseCodec.java:49)
at org.openqa.selenium.remote.HttpCommandExecutor.execute(HttpCommandExecutor.java:158)
at io.appium.java_client.remote.AppiumCommandExecutor.execute(AppiumCommandExecutor.java:247)
at org.openqa.selenium.remote.RemoteWebDriver.execute(RemoteWebDriver.java:552)
at io.appium.java_client.DefaultGenericMobileDriver.execute(DefaultGenericMobileDriver.java:41)
at io.appium.java_client.AppiumDriver.execute(AppiumDriver.java:1)
at io.appium.java_client.android.AndroidDriver.execute(AndroidDriver.java:1)
at org.openqa.selenium.remote.RemoteWebDriver.findElement(RemoteWebDriver.java:323)
at io.appium.java_client.DefaultGenericMobileDriver.findElement(DefaultGenericMobileDriver.java:61)
at io.appium.java_client.AppiumDriver.findElement(AppiumDriver.java:1)
at io.appium.java_client.android.AndroidDriver.findElement(AndroidDriver.java:1)
at org.openqa.selenium.remote.RemoteWebDriver.findElementById(RemoteWebDriver.java:372)
at io.appium.java_client.DefaultGenericMobileDriver.findElementById(DefaultGenericMobileDriver.java:69)
at io.appium.java_client.AppiumDriver.findElementById(AppiumDriver.java:1)
at io.appium.java_client.android.AndroidDriver.findElementById(AndroidDriver.java:1)
at org.openqa.selenium.By$ById.findElement(By.java:188)
at org.openqa.selenium.remote.RemoteWebDriver.findElement(RemoteWebDriver.java:315)
at io.appium.java_client.DefaultGenericMobileDriver.findElement(DefaultGenericMobileDriver.java:57)
at io.appium.java_client.AppiumDriver.findElement(AppiumDriver.java:1)
at io.appium.java_client.android.AndroidDriver.findElement(AndroidDriver.java:1)
at com.vne.common.BasePage.getElement(BasePage.java:57)
at com.vne.common.BasePage.clickToElement(BasePage.java:94)
at com.vne.testcase.MBApp_Login_Feature.Login_01_InvalidEmail(MBApp_Login_Feature.java:34)
... Removed 30 stack frames]]>
    </failure>
  </testcase> <!-- Login_01_InvalidEmail -->
  <testcase classname="com.vne.testcase.MBApp_Login_Feature" name="Login_02_InvalidPass" time="6.095">
    <failure type="org.openqa.selenium.NoSuchElementException" message="An element could not be located on the page using the given search parameters.
For documentation on this error, please visit: https://www.seleniumhq.org/exceptions/no_such_element.html
Build info: version: &amp;apos;3.141.59&amp;apos;, revision: &amp;apos;e82be7d358&amp;apos;, time: &amp;apos;2018-11-14T08:17:03&amp;apos;
System info: host: &amp;apos;ST-PHUOCVTT&amp;apos;, ip: &amp;apos;172.30.113.134&amp;apos;, os.name: &amp;apos;Windows 10&amp;apos;, os.arch: &amp;apos;amd64&amp;apos;, os.version: &amp;apos;10.0&amp;apos;, java.version: &amp;apos;17.0.2&amp;apos;
Driver info: io.appium.java_client.android.AndroidDriver
Capabilities {appActivity: fr.playsoft.vnexpress.Activ..., appPackage: fr.playsoft.vnexpress, databaseEnabled: false, desired: {appActivity: fr.playsoft.vnexpress.Activ..., appPackage: fr.playsoft.vnexpress, deviceName: a11, noReset: false, platformName: android, platformVersion: 11.0, skipUnlock: true, udid: emulator-5554}, deviceApiLevel: 30, deviceManufacturer: Google, deviceModel: sdk_gphone_x86, deviceName: emulator-5554, deviceScreenDensity: 440, deviceScreenSize: 1080x2160, deviceUDID: emulator-5554, javascriptEnabled: true, locationContextEnabled: false, networkConnectionEnabled: true, noReset: false, pixelRatio: 2.75, platform: LINUX, platformName: Android, platformVersion: 11, skipUnlock: true, statBarHeight: 66, takesScreenshot: true, udid: emulator-5554, viewportRect: {height: 1962, left: 0, top: 66, width: 1080}, warnings: {}, webStorageEnabled: false}
Session ID: b95a9004-343c-48f4-a8e3-8ec4f7b48629
*** Element info: {Using=id, value=fr.playsoft.vnexpress:id/ed_email}">
      <![CDATA[org.openqa.selenium.NoSuchElementException: An element could not be located on the page using the given search parameters.
For documentation on this error, please visit: https://www.seleniumhq.org/exceptions/no_such_element.html
Build info: version: '3.141.59', revision: 'e82be7d358', time: '2018-11-14T08:17:03'
System info: host: 'ST-PHUOCVTT', ip: '172.30.113.134', os.name: 'Windows 10', os.arch: 'amd64', os.version: '10.0', java.version: '17.0.2'
Driver info: io.appium.java_client.android.AndroidDriver
Capabilities {appActivity: fr.playsoft.vnexpress.Activ..., appPackage: fr.playsoft.vnexpress, databaseEnabled: false, desired: {appActivity: fr.playsoft.vnexpress.Activ..., appPackage: fr.playsoft.vnexpress, deviceName: a11, noReset: false, platformName: android, platformVersion: 11.0, skipUnlock: true, udid: emulator-5554}, deviceApiLevel: 30, deviceManufacturer: Google, deviceModel: sdk_gphone_x86, deviceName: emulator-5554, deviceScreenDensity: 440, deviceScreenSize: 1080x2160, deviceUDID: emulator-5554, javascriptEnabled: true, locationContextEnabled: false, networkConnectionEnabled: true, noReset: false, pixelRatio: 2.75, platform: LINUX, platformName: Android, platformVersion: 11, skipUnlock: true, statBarHeight: 66, takesScreenshot: true, udid: emulator-5554, viewportRect: {height: 1962, left: 0, top: 66, width: 1080}, warnings: {}, webStorageEnabled: false}
Session ID: b95a9004-343c-48f4-a8e3-8ec4f7b48629
*** Element info: {Using=id, value=fr.playsoft.vnexpress:id/ed_email}
at org.openqa.selenium.remote.http.W3CHttpResponseCodec.createException(W3CHttpResponseCodec.java:187)
at org.openqa.selenium.remote.http.W3CHttpResponseCodec.decode(W3CHttpResponseCodec.java:122)
at org.openqa.selenium.remote.http.W3CHttpResponseCodec.decode(W3CHttpResponseCodec.java:49)
at org.openqa.selenium.remote.HttpCommandExecutor.execute(HttpCommandExecutor.java:158)
at io.appium.java_client.remote.AppiumCommandExecutor.execute(AppiumCommandExecutor.java:247)
at org.openqa.selenium.remote.RemoteWebDriver.execute(RemoteWebDriver.java:552)
at io.appium.java_client.DefaultGenericMobileDriver.execute(DefaultGenericMobileDriver.java:41)
at io.appium.java_client.AppiumDriver.execute(AppiumDriver.java:1)
at io.appium.java_client.android.AndroidDriver.execute(AndroidDriver.java:1)
at org.openqa.selenium.remote.RemoteWebDriver.findElement(RemoteWebDriver.java:323)
at io.appium.java_client.DefaultGenericMobileDriver.findElement(DefaultGenericMobileDriver.java:61)
at io.appium.java_client.AppiumDriver.findElement(AppiumDriver.java:1)
at io.appium.java_client.android.AndroidDriver.findElement(AndroidDriver.java:1)
at org.openqa.selenium.remote.RemoteWebDriver.findElementById(RemoteWebDriver.java:372)
at io.appium.java_client.DefaultGenericMobileDriver.findElementById(DefaultGenericMobileDriver.java:69)
at io.appium.java_client.AppiumDriver.findElementById(AppiumDriver.java:1)
at io.appium.java_client.android.AndroidDriver.findElementById(AndroidDriver.java:1)
at org.openqa.selenium.By$ById.findElement(By.java:188)
at org.openqa.selenium.remote.RemoteWebDriver.findElement(RemoteWebDriver.java:315)
at io.appium.java_client.DefaultGenericMobileDriver.findElement(DefaultGenericMobileDriver.java:57)
at io.appium.java_client.AppiumDriver.findElement(AppiumDriver.java:1)
at io.appium.java_client.android.AndroidDriver.findElement(AndroidDriver.java:1)
at com.vne.common.BasePage.getElement(BasePage.java:57)
at com.vne.common.BasePage.senkeyToElement(BasePage.java:103)
at com.vne.pageobjects.LoginPO.LoginWithUserNameAndPassword(LoginPO.java:22)
at com.vne.testcase.MBApp_Login_Feature.Login_02_InvalidPass(MBApp_Login_Feature.java:42)
... Removed 30 stack frames]]>
    </failure>
  </testcase> <!-- Login_02_InvalidPass -->
  <testcase classname="com.vne.testcase.MBApp_Login_Feature" name="Login_03_ValidEmailAndPass" time="31.756"/>
  <testcase classname="com.vne.testcase.MBApp_Login_Feature" name="Login_04_ScrollDownToGiaoDuc" time="12.943"/>
  <testcase classname="com.vne.testcase.MBApp_Login_Feature" name="Login_05_ScrollUpToThoiSu" time="27.526"/>
  <testcase classname="com.vne.testcase.MBApp_Login_Feature" name="Login_06_ScrollLeftToThoiSu" time="78.544"/>
  <testcase classname="com.vne.testcase.MBApp_Login_Feature" name="Login_07_SrollHorizonFolderInMenu" time="255.018"/>
  <testcase classname="com.vne.testcase.MBApp_Login_Feature" name="Login_08_PullToRefreshPage" time="59.236"/>
  <testcase classname="com.vne.testcase.MBApp_Login_Feature" name="Login_09_DragAndDrop" time="11.493"/>
</testsuite> <!-- Login Page -->
